<?xml version="1.0" encoding="UTF-8"?>
<testng-results skipped="0" failed="0" ignored="0" total="1" passed="1">
  <reporter-output>
  </reporter-output>
  <suite name="Default suite" duration-ms="43" started-at="2022-02-10T17:17:25Z" finished-at="2022-02-10T17:17:25Z">
    <groups>
    </groups>
    <test name="Default test" duration-ms="43" started-at="2022-02-10T17:17:25Z" finished-at="2022-02-10T17:17:25Z">
      <class name="com.shapes.Objects">
        <test-method status="PASS" signature="Test()[pri:0, instance:com.shapes.Objects@458ad742]" name="Test" duration-ms="13" started-at="2022-02-10T22:47:25Z" finished-at="2022-02-10T22:47:25Z">
          <reporter-output>
          </reporter-output>
        </test-method> <!-- Test -->
      </class> <!-- com.shapes.Objects -->
    </test> <!-- Default test -->
  </suite> <!-- Default suite -->
</testng-results>
